<?xml version="1.0" encoding="UTF-8"?>
<!-- Generated by org.testng.reporters.JUnitReportReporter -->
<testsuite hostname="Pranitha" failures="0" tests="5" name="runners.RunLuma" time="46.374" errors="0" timestamp="2024-07-23T18:41:47 GMT-07:00" skipped="0">
  <testcase classname="runners.RunLuma" name="runScenario" time="7.001"/>
  <system-out/>
  <testcase classname="runners.RunLuma" name="runScenario" time="6.923"/>
  <system-out/>
  <testcase classname="runners.RunLuma" name="runScenario" time="7.062"/>
  <system-out/>
  <testcase classname="runners.RunLuma" name="runScenario" time="8.480"/>
  <system-out/>
  <testcase classname="runners.RunLuma" name="runScenario" time="16.908"/>
  <system-out/>
</testsuite> <!-- runners.RunLuma -->
